<?xml version="1.0" encoding="UTF-8"?>
<!-- Generated by org.testng.reporters.JUnitReportReporter -->
<testsuite hostname="LAPTOP-NTBDJ1UC" failures="0" tests="4" name="testng.Program3" time="0.025" errors="0" timestamp="2022-07-22T15:09:30 CEST" skipped="1">
  <testcase classname="testng.Program3" name="chats" time="0.018"/>
  <system-out>
    <![CDATA[chats]]>
  </system-out>
  <testcase classname="testng.Program3" name="calls" time="0.004"/>
  <system-out>
    <![CDATA[calls]]>
  </system-out>
  <testcase classname="testng.Program3" name="calls" time="0.003"/>
  <system-out>
    <![CDATA[calls]]>
  </system-out>
  <testcase classname="testng.Program3" name="settings">
    <skipped/>
  </testcase> <!-- settings -->
  <system-out/>
</testsuite> <!-- testng.Program3 -->
