<?xml version="1.0" encoding="UTF-8"?>
<!-- Generated by org.testng.reporters.JUnitReportReporter -->
<testsuite hostname="LAPTOP-NTBDJ1UC" failures="0" tests="1" name="testng.Program1" time="0.017" errors="0" timestamp="2022-07-22T14:30:06 CEST" skipped="0">
  <testcase classname="testng.Program1" name="demo" time="0.017"/>
  <system-out>
    <![CDATA[hello vicky
hello gayu]]>
  </system-out>
</testsuite> <!-- testng.Program1 -->
