<?xml version="1.0" encoding="UTF-8"?>
<!-- Generated by org.testng.reporters.JUnitReportReporter -->
<testsuite hostname="LAPTOP-NTBDJ1UC" failures="0" tests="3" name="testng.Program2" time="0.021" errors="0" timestamp="2022-07-22T14:51:50 CEST" skipped="0">
  <testcase classname="testng.Program2" name="settings" time="0.016"/>
  <system-out>
    <![CDATA[hello gayu, true]]>
  </system-out>
  <testcase classname="testng.Program2" name="calls" time="0.004"/>
  <system-out>
    <![CDATA[hello vicky, true]]>
  </system-out>
  <testcase classname="testng.Program2" name="chats" time="0.001"/>
  <system-out>
    <![CDATA[hello viha, true]]>
  </system-out>
</testsuite> <!-- testng.Program2 -->
